Arguments: 
  /usr/local/Cellar/node/8.7.0/bin/node /usr/local/bin/yarn install express

PATH: 
  /usr/local/bin:/usr/bin:/bin:/usr/sbin:/sbin

Yarn version: 
  1.5.1

Node version: 
  8.7.0

Platform: 
  darwin x64

npm manifest: 
  {
    "name": "nytreact",
    "version": "1.0.0",
    "main": "index.js",
    "repository": "git@github.com:jstudenski/nytReact.git",
    "author": "jstudenski <jstudenski@gmail.com>",
    "license": "MIT"
  }

yarn manifest: 
  No manifest

Lockfile: 
  No lockfile

Trace: 
  Error: `install` has been replaced with `add` to add new dependencies. Run "yarn add express" instead.
      at new MessageError (/usr/local/lib/node_modules/yarn/lib/cli.js:186:110)
      at Object.<anonymous> (/usr/local/lib/node_modules/yarn/lib/cli.js:21987:13)
      at Generator.next (<anonymous>)
      at step (/usr/local/lib/node_modules/yarn/lib/cli.js:98:30)
      at /usr/local/lib/node_modules/yarn/lib/cli.js:109:13
      at <anonymous>
